d:\eugene\programming\projects\c++\training\cpptraining_v1\cpptraining_v1\x64\debug\vc143.pdb
d:\eugene\programming\projects\c++\training\cpptraining_v1\cpptraining_v1\x64\debug\vc143.idb
d:\eugene\programming\projects\c++\training\cpptraining_v1\cpptraining_v1\x64\debug\task_9.obj
d:\eugene\programming\projects\c++\training\cpptraining_v1\cpptraining_v1\x64\debug\task_8.obj
d:\eugene\programming\projects\c++\training\cpptraining_v1\cpptraining_v1\x64\debug\task_6.obj
d:\eugene\programming\projects\c++\training\cpptraining_v1\cpptraining_v1\x64\debug\task_5.obj
d:\eugene\programming\projects\c++\training\cpptraining_v1\cpptraining_v1\x64\debug\task_4.obj
d:\eugene\programming\projects\c++\training\cpptraining_v1\cpptraining_v1\x64\debug\task_3.obj
d:\eugene\programming\projects\c++\training\cpptraining_v1\cpptraining_v1\x64\debug\task_2.obj
d:\eugene\programming\projects\c++\training\cpptraining_v1\cpptraining_v1\x64\debug\task_1.obj
d:\eugene\programming\projects\c++\training\cpptraining_v1\cpptraining_v1\x64\debug\task_7.obj
d:\eugene\programming\projects\c++\training\cpptraining_v1\cpptraining_v1\x64\debug\task_11.obj
d:\eugene\programming\projects\c++\training\cpptraining_v1\cpptraining_v1\x64\debug\task_10.obj
d:\eugene\programming\projects\c++\training\cpptraining_v1\cpptraining_v1\x64\debug\ipseudomain.obj
d:\eugene\programming\projects\c++\training\cpptraining_v1\cpptraining_v1\x64\debug\cpptraining_v1.obj
d:\eugene\programming\projects\c++\training\cpptraining_v1\x64\debug\cpptraining_v1.exe
d:\eugene\programming\projects\c++\training\cpptraining_v1\x64\debug\cpptraining_v1.pdb
d:\eugene\programming\projects\c++\training\cpptraining_v1\cpptraining_v1\x64\debug\cpptraining_v1.ilk
d:\eugene\programming\projects\c++\training\cpptraining_v1\cpptraining_v1\x64\debug\cpptraining_v1.tlog\cl.command.1.tlog
d:\eugene\programming\projects\c++\training\cpptraining_v1\cpptraining_v1\x64\debug\cpptraining_v1.tlog\cl.items.tlog
d:\eugene\programming\projects\c++\training\cpptraining_v1\cpptraining_v1\x64\debug\cpptraining_v1.tlog\cl.read.1.tlog
d:\eugene\programming\projects\c++\training\cpptraining_v1\cpptraining_v1\x64\debug\cpptraining_v1.tlog\cl.write.1.tlog
d:\eugene\programming\projects\c++\training\cpptraining_v1\cpptraining_v1\x64\debug\cpptraining_v1.tlog\link.command.1.tlog
d:\eugene\programming\projects\c++\training\cpptraining_v1\cpptraining_v1\x64\debug\cpptraining_v1.tlog\link.read.1.tlog
d:\eugene\programming\projects\c++\training\cpptraining_v1\cpptraining_v1\x64\debug\cpptraining_v1.tlog\link.secondary.1.tlog
d:\eugene\programming\projects\c++\training\cpptraining_v1\cpptraining_v1\x64\debug\cpptraining_v1.tlog\link.write.1.tlog
